Detecting CXX compiler ABI info failed to compile with the following output:
Change Dir: /Users/viraltaco/code/code/Exercism/cpp/robot-simulator/build/CMakeFiles/CMakeTmp

Run Build Command(s):/usr/bin/xcodebuild -project CMAKE_TRY_COMPILE.xcodeproj build -target cmTC_2e951 -configuration Debug -hideShellScriptEnvironment && User defaults from command line:
    HideShellScriptEnvironment = YES

Prepare build
note: Using legacy build system

=== BUILD TARGET cmTC_2e951 OF PROJECT CMAKE_TRY_COMPILE WITH CONFIGURATION Debug ===

Check dependencies

Write auxiliary files
/bin/mkdir -p /Users/viraltaco/code/code/Exercism/cpp/robot-simulator/build/CMakeFiles/CMakeTmp/CMAKE_TRY_COMPILE.build/Debug/cmTC_2e951.build/Objects-normal/x86_64
write-file /Users/viraltaco/code/code/Exercism/cpp/robot-simulator/build/CMakeFiles/CMakeTmp/CMAKE_TRY_COMPILE.build/Debug/cmTC_2e951.build/Objects-normal/x86_64/cmTC_2e951.LinkFileList

CompileC /Users/viraltaco/code/code/Exercism/cpp/robot-simulator/build/CMakeFiles/CMakeTmp/CMAKE_TRY_COMPILE.build/Debug/cmTC_2e951.build/Objects-normal/x86_64/CMakeCXXCompilerABI.o /Users/usr/local/Cellar/cmake/3.15.4/share/cmake/Modules/CMakeCXXCompilerABI.cpp normal x86_64 c++ com.apple.compilers.llvm.clang.1_0.compiler
    cd /Users/viraltaco/Desktop/projects/code/Exercism/cpp/robot-simulator/build/CMakeFiles/CMakeTmp
    /Applications/Xcode.app/Contents/Developer/Toolchains/XcodeDefault.xctoolchain/usr/bin/clang -x c++ -target x86_64-apple-macos10.15 -fmessage-length=0 -fdiagnostics-show-note-include-stack -fmacro-backtrace-limit=0 -Wno-trigraphs -fpascal-strings -O0 -Wno-missing-field-initializers -Wno-missing-prototypes -Wno-return-type -Wno-non-virtual-dtor -Wno-overloaded-virtual -Wno-exit-time-destructors -Wno-missing-braces -Wparentheses -Wswitch -Wno-unused-function -Wno-unused-label -Wno-unused-parameter -Wno-unused-variable -Wunused-value -Wno-empty-body -Wno-uninitialized -Wno-unknown-pragmas -Wno-shadow -Wno-four-char-constants -Wno-conversion -Wno-constant-conversion -Wno-int-conversion -Wno-bool-conversion -Wno-enum-conversion -Wno-float-conversion -Wno-non-literal-null-conversion -Wno-objc-literal-conversion -Wno-shorten-64-to-32 -Wno-newline-eof -Wno-c++11-extensions -DCMAKE_INTDIR=\"Debug\" -isysroot /Applications/Xcode.app/Contents/Developer/Platforms/MacOSX.platform/Developer/SDKs/MacOSX10.15.sdk -fasm-blocks -fstrict-aliasing -Wdeprecated-declarations -Winvalid-offsetof -g -Wno-sign-conversion -Wno-infinite-recursion -Wno-move -Wno-comma -Wno-block-capture-autoreleasing -Wno-strict-prototypes -Wno-range-loop-analysis -Wno-semicolon-before-method-body -I/Users/viraltaco/code/code/Exercism/cpp/robot-simulator/build/CMakeFiles/CMakeTmp/Debug/include -I/Users/viraltaco/code/code/Exercism/cpp/robot-simulator/build/CMakeFiles/CMakeTmp/CMAKE_TRY_COMPILE.build/Debug/cmTC_2e951.build/DerivedSources-normal/x86_64 -I/Users/viraltaco/code/code/Exercism/cpp/robot-simulator/build/CMakeFiles/CMakeTmp/CMAKE_TRY_COMPILE.build/Debug/cmTC_2e951.build/DerivedSources/x86_64 -I/Users/viraltaco/code/code/Exercism/cpp/robot-simulator/build/CMakeFiles/CMakeTmp/CMAKE_TRY_COMPILE.build/Debug/cmTC_2e951.build/DerivedSources -Wmost -Wno-four-char-constants -Wno-unknown-pragmas -F/Users/viraltaco/code/code/Exercism/cpp/robot-simulator/build/CMakeFiles/CMakeTmp/Debug -v -Wl,-v -MMD -MT dependencies -MF /Users/viraltaco/code/code/Exercism/cpp/robot-simulator/build/CMakeFiles/CMakeTmp/CMAKE_TRY_COMPILE.build/Debug/cmTC_2e951.build/Objects-normal/x86_64/CMakeCXXCompilerABI.d --serialize-diagnostics /Users/viraltaco/code/code/Exercism/cpp/robot-simulator/build/CMakeFiles/CMakeTmp/CMAKE_TRY_COMPILE.build/Debug/cmTC_2e951.build/Objects-normal/x86_64/CMakeCXXCompilerABI.dia -c /Users/usr/local/Cellar/cmake/3.15.4/share/cmake/Modules/CMakeCXXCompilerABI.cpp -o /Users/viraltaco/code/code/Exercism/cpp/robot-simulator/build/CMakeFiles/CMakeTmp/CMAKE_TRY_COMPILE.build/Debug/cmTC_2e951.build/Objects-normal/x86_64/CMakeCXXCompilerABI.o
Apple clang version 11.0.0 (clang-1100.0.33.8)
Target: x86_64-apple-macos10.15
Thread model: posix
InstalledDir: /Applications/Xcode.app/Contents/Developer/Toolchains/XcodeDefault.xctoolchain/usr/bin
clang: error: no such file or directory: '/Users/usr/local/Cellar/cmake/3.15.4/share/cmake/Modules/CMakeCXXCompilerABI.cpp'
clang: warning: -Wl,-v: 'linker' input unused [-Wunused-command-line-argument]

** BUILD FAILED **


The following build commands failed:
	CompileC /Users/viraltaco/code/code/Exercism/cpp/robot-simulator/build/CMakeFiles/CMakeTmp/CMAKE_TRY_COMPILE.build/Debug/cmTC_2e951.build/Objects-normal/x86_64/CMakeCXXCompilerABI.o /Users/usr/local/Cellar/cmake/3.15.4/share/cmake/Modules/CMakeCXXCompilerABI.cpp normal x86_64 c++ com.apple.compilers.llvm.clang.1_0.compiler
(1 failure)




